<?xml version="1.0" encoding="UTF-8" standalone="yes"?><!DOCTYPE report PUBLIC "-//JACOCO//DTD Report 1.1//EN" "report.dtd"><report name="test-driven-development"><sessioninfo id="192.168.1.11-fcd7ffde" start="1618069555049" dump="1618069555813"/><sessioninfo id="192.168.1.11-daa1031b" start="1618070366352" dump="1618070367228"/><sessioninfo id="192.168.1.11-9a4ab326" start="1618099888868" dump="1618099889629"/><sessioninfo id="192.168.1.11-3b7b5241" start="1618099902789" dump="1618099903497"/><sessioninfo id="192.168.1.11-4eef4fec" start="1618100025037" dump="1618100025787"/></report>