<?xml version="1.0" encoding="UTF-8"?>
<testsuite xmlns:xsi="http://www.w3.org/2001/XMLSchema-instance" xsi:noNamespaceSchemaLocation="https://maven.apache.org/surefire/maven-surefire-plugin/xsd/surefire-test-report.xsd" name="com.example.PersonTest" time="0.059" tests="4" errors="0" skipped="0" failures="0">
  <properties>
[...]
</properties>
  <testcase name="greet_shouldReturnHelloBTPN_whenNameIsIndonesia" classname="com.example.PersonTest" time="0.043"/>
  <testcase name="greet_shouldReturnHelloWorld_whenInvoked" classname="com.example.PersonTest" time="0.001"/>
  <testcase name="greet_shouldReturnHelloAndhika_whenNameIsAndhika" classname="com.example.PersonTest" time="0.001"/>
  <testcase name="greet_shouldReturnHelloBTPN_whenNameIsBTPN" classname="com.example.PersonTest" time="0.001"/>
</testsuite>